Using pre-set license
Built from '2021.1/staging' branch; Version is '2021.1.7f1 (d91830b65d9b) revision 14227504'; Using compiler version '192528614'; Build Type 'Release'
OS: 'Windows 10 Home; OS build 18363.1440; Version 1909; 64bit' Language: 'en' Physical Memory: 6057 MB
BatchMode: 1, IsHumanControllingUs: 0, StartBugReporterOnCrash: 0, Is64bit: 1, IsPro: 0

 COMMAND LINE ARGUMENTS:
E:\SOFTWARE\Unity\UnityEditors\2021.1.7f1\Editor\Unity.exe
-adb2
-batchMode
-noUpm
-name
AssetImportWorker2
-projectPath
E:/PROOF OF CONCEPTS/Eggcellent/Eggcellent
-logFile
Logs/AssetImportWorker2.log
-srvPort
52373
Successfully changed project path to: E:/PROOF OF CONCEPTS/Eggcellent/Eggcellent
E:/PROOF OF CONCEPTS/Eggcellent/Eggcellent
Using Asset Import Pipeline V2.
Refreshing native plugins compatible for Editor in 108.37 ms, found 14 plugins.
Preloading 1 native plugins for Editor in 2.52 ms.
Initialize engine version: 2021.1.7f1 (d91830b65d9b)
[Subsystems] Discovering subsystems at path E:/SOFTWARE/Unity/UnityEditors/2021.1.7f1/Editor/Data/Resources/UnitySubsystems
[Subsystems] Discovering subsystems at path E:/PROOF OF CONCEPTS/Eggcellent/Eggcellent/Assets
GfxDevice: creating device client; threaded=0; jobified=0
Direct3D:
    Version:  Direct3D 11.0 [level 11.1]
    Renderer: AMD Radeon(TM) Vega 8 Graphics (ID=0x15d8)
    Vendor:   ATI
    VRAM:     3028 MB
    Driver:   26.20.11028.0
Initialize mono
Mono path[0] = 'E:/SOFTWARE/Unity/UnityEditors/2021.1.7f1/Editor/Data/Managed'
Mono path[1] = 'E:/SOFTWARE/Unity/UnityEditors/2021.1.7f1/Editor/Data/MonoBleedingEdge/lib/mono/unityjit'
Mono config path = 'E:/SOFTWARE/Unity/UnityEditors/2021.1.7f1/Editor/Data/MonoBleedingEdge/etc'
Using monoOptions --debugger-agent=transport=dt_socket,embedding=1,server=y,suspend=n,address=127.0.0.1:56992
Begin MonoManager ReloadAssembly
Registering precompiled unity dll's ...
Register platform support module: E:/SOFTWARE/Unity/UnityEditors/2021.1.7f1/Editor/Data/PlaybackEngines/WindowsStandaloneSupport/UnityEditor.WindowsStandalone.Extensions.dll
Registered in 0.001527 seconds.
Native extension for WindowsStandalone target not found
Refreshing native plugins compatible for Editor in 94.62 ms, found 14 plugins.
Preloading 1 native plugins for Editor in 0.09 ms.
Mono: successfully reloaded assembly
- Completed reload, in  1.474 seconds
Platform modules already initialized, skipping
Registering precompiled user dll's ...
Registered in 0.013402 seconds.
Begin MonoManager ReloadAssembly
Native extension for WindowsStandalone target not found
Refreshing native plugins compatible for Editor in 94.00 ms, found 14 plugins.
Preloading 1 native plugins for Editor in 0.08 ms.
[XR] [XR Mesh Provider]: RegisterLifecycleProvider.
[XR] [XR Input Provider]: RegisterLifecycleProvider.
[XR] Error loading subsystem: Display (1) (header mismatch?)
Mono: successfully reloaded assembly
- Completed reload, in 14.694 seconds
Platform modules already initialized, skipping
========================================================================
Worker process is ready to serve import requests
Launched and connected shader compiler UnityShaderCompiler.exe after 0.23 seconds
Refreshing native plugins compatible for Editor in 1.89 ms, found 14 plugins.
Preloading 1 native plugins for Editor in 0.12 ms.
Unloading 3410 Unused Serialized files (Serialized files now loaded: 0)
System memory in use before: 147.8 MB.
System memory in use after: 147.3 MB.

Unloading 538 unused Assets to reduce memory usage. Loaded Objects now: 3806.
Total: 6.176800 ms (FindLiveObjects: 0.498300 ms CreateObjectMapping: 0.216100 ms MarkObjects: 4.726800 ms  DeleteObjects: 0.733300 ms)

========================================================================
Received Import Request.
  path: Assets/Eggcellent/serving.anim
  artifactKey: Guid(7eea3d296495e324db124fac5b172705) Importer(815301076,1909f56bfc062723c751e8b465ee728b)
Start importing Assets/Eggcellent/serving.anim using Guid(7eea3d296495e324db124fac5b172705) Importer(815301076,1909f56bfc062723c751e8b465ee728b)  -> (artifact id: '42ed9c05bb59888e3ef4ddf5f0830dd6') in 0.245680 seconds 
========================================================================
Received Import Request.
  Time since last request: 0.000859 seconds.
  path: Assets/Eggcellent/3dtextEndShow.anim
  artifactKey: Guid(f628604800311734a892fb10b6d24644) Importer(815301076,1909f56bfc062723c751e8b465ee728b)
Start importing Assets/Eggcellent/3dtextEndShow.anim using Guid(f628604800311734a892fb10b6d24644) Importer(815301076,1909f56bfc062723c751e8b465ee728b)  -> (artifact id: 'b97747b77dda36ee8b2d91dc556d33a3') in 0.012942 seconds 
========================================================================
Received Import Request.
  Time since last request: 0.000430 seconds.
  path: Assets/Eggcellent/EndingEggs and Ham.controller
  artifactKey: Guid(ad65262e7aeaa1149a220e3161390ebd) Importer(815301076,1909f56bfc062723c751e8b465ee728b)
Start importing Assets/Eggcellent/EndingEggs and Ham.controller using Guid(ad65262e7aeaa1149a220e3161390ebd) Importer(815301076,1909f56bfc062723c751e8b465ee728b)  -> (artifact id: 'f9b63ee0910ca4069b25813bdfdedb79') in 0.023302 seconds 
========================================================================
Received Prepare
Registering precompiled user dll's ...
Registered in 0.009960 seconds.
Begin MonoManager ReloadAssembly
Native extension for WindowsStandalone target not found
Refreshing native plugins compatible for Editor in 1.30 ms, found 14 plugins.
Preloading 1 native plugins for Editor in 0.09 ms.
Mono: successfully reloaded assembly
- Completed reload, in  2.793 seconds
Platform modules already initialized, skipping
Switching build target platform(19) subTarget(0) extendedPlatform(0) -> platform(21) subTarget(3) extendedPlatform(0)
Refreshing native plugins compatible for Editor in 1.61 ms, found 14 plugins.
Preloading 1 native plugins for Editor in 0.10 ms.
Unloading 3336 Unused Serialized files (Serialized files now loaded: 0)
System memory in use before: 143.6 MB.
System memory in use after: 143.4 MB.

Unloading 532 unused Assets to reduce memory usage. Loaded Objects now: 3810.
Total: 6.023000 ms (FindLiveObjects: 0.481000 ms CreateObjectMapping: 0.211300 ms MarkObjects: 4.738200 ms  DeleteObjects: 0.590100 ms)

========================================================================
Received Prepare
Registering precompiled user dll's ...
Registered in 0.009839 seconds.
Begin MonoManager ReloadAssembly
Native extension for WindowsStandalone target not found
Refreshing native plugins compatible for Editor in 2.20 ms, found 14 plugins.
Preloading 1 native plugins for Editor in 0.15 ms.
Mono: successfully reloaded assembly
- Completed reload, in  3.915 seconds
Platform modules already initialized, skipping
Switching build target platform(19) subTarget(0) extendedPlatform(0) -> platform(21) subTarget(3) extendedPlatform(0)
Refreshing native plugins compatible for Editor in 2.07 ms, found 14 plugins.
Preloading 1 native plugins for Editor in 0.15 ms.
Unloading 3336 Unused Serialized files (Serialized files now loaded: 0)
System memory in use before: 143.7 MB.
System memory in use after: 143.5 MB.

Unloading 532 unused Assets to reduce memory usage. Loaded Objects now: 3814.
Total: 9.348200 ms (FindLiveObjects: 0.474900 ms CreateObjectMapping: 0.285100 ms MarkObjects: 7.522500 ms  DeleteObjects: 1.062500 ms)

========================================================================
Received Import Request.
  Time since last request: 620.538944 seconds.
  path: Assets/Eggcellent/burner.fbx
  artifactKey: Guid(ae2f06afd6d38a34dbf98d1496c46552) Importer(815301076,1909f56bfc062723c751e8b465ee728b)
Start importing Assets/Eggcellent/burner.fbx using Guid(ae2f06afd6d38a34dbf98d1496c46552) Importer(815301076,1909f56bfc062723c751e8b465ee728b)  -> (artifact id: '8c8da9a02e39454e551051bf46aa436c') in 0.696345 seconds 
========================================================================
Received Import Request.
  Time since last request: 41.292930 seconds.
  path: Assets/Eggcellent/burner.fbx
  artifactKey: Guid(ae2f06afd6d38a34dbf98d1496c46552) Importer(815301076,1909f56bfc062723c751e8b465ee728b)
Start importing Assets/Eggcellent/burner.fbx using Guid(ae2f06afd6d38a34dbf98d1496c46552) Importer(815301076,1909f56bfc062723c751e8b465ee728b)  -> (artifact id: '04510725295772547c2270966538c935') in 0.043058 seconds 
========================================================================
Received Prepare
Refreshing native plugins compatible for Editor in 107.38 ms, found 14 plugins.
Preloading 1 native plugins for Editor in 0.08 ms.
Unloading 25 Unused Serialized files (Serialized files now loaded: 0)
System memory in use before: 88.5 MB.
System memory in use after: 88.7 MB.

Unloading 25 unused Assets to reduce memory usage. Loaded Objects now: 3856.
Total: 5.670200 ms (FindLiveObjects: 0.370100 ms CreateObjectMapping: 0.116400 ms MarkObjects: 5.065400 ms  DeleteObjects: 0.116100 ms)

