Using pre-set license
Built from '2021.1/staging' branch; Version is '2021.1.7f1 (d91830b65d9b) revision 14227504'; Using compiler version '192528614'; Build Type 'Release'
OS: 'Windows 10 Home; OS build 18363.1440; Version 1909; 64bit' Language: 'en' Physical Memory: 6057 MB
BatchMode: 1, IsHumanControllingUs: 0, StartBugReporterOnCrash: 0, Is64bit: 1, IsPro: 0

 COMMAND LINE ARGUMENTS:
E:\SOFTWARE\Unity\UnityEditors\2021.1.7f1\Editor\Unity.exe
-adb2
-batchMode
-noUpm
-name
AssetImportWorker1
-projectPath
E:/PROOF OF CONCEPTS/Eggcellent/Eggcellent
-logFile
Logs/AssetImportWorker1.log
-srvPort
52373
Successfully changed project path to: E:/PROOF OF CONCEPTS/Eggcellent/Eggcellent
E:/PROOF OF CONCEPTS/Eggcellent/Eggcellent
Using Asset Import Pipeline V2.
Refreshing native plugins compatible for Editor in 105.39 ms, found 14 plugins.
Preloading 1 native plugins for Editor in 1.76 ms.
Initialize engine version: 2021.1.7f1 (d91830b65d9b)
[Subsystems] Discovering subsystems at path E:/SOFTWARE/Unity/UnityEditors/2021.1.7f1/Editor/Data/Resources/UnitySubsystems
[Subsystems] Discovering subsystems at path E:/PROOF OF CONCEPTS/Eggcellent/Eggcellent/Assets
GfxDevice: creating device client; threaded=0; jobified=0
Direct3D:
    Version:  Direct3D 11.0 [level 11.1]
    Renderer: AMD Radeon(TM) Vega 8 Graphics (ID=0x15d8)
    Vendor:   ATI
    VRAM:     3028 MB
    Driver:   26.20.11028.0
Initialize mono
Mono path[0] = 'E:/SOFTWARE/Unity/UnityEditors/2021.1.7f1/Editor/Data/Managed'
Mono path[1] = 'E:/SOFTWARE/Unity/UnityEditors/2021.1.7f1/Editor/Data/MonoBleedingEdge/lib/mono/unityjit'
Mono config path = 'E:/SOFTWARE/Unity/UnityEditors/2021.1.7f1/Editor/Data/MonoBleedingEdge/etc'
Using monoOptions --debugger-agent=transport=dt_socket,embedding=1,server=y,suspend=n,address=127.0.0.1:56268
Begin MonoManager ReloadAssembly
Registering precompiled unity dll's ...
Register platform support module: E:/SOFTWARE/Unity/UnityEditors/2021.1.7f1/Editor/Data/PlaybackEngines/WindowsStandaloneSupport/UnityEditor.WindowsStandalone.Extensions.dll
Registered in 0.002110 seconds.
Native extension for WindowsStandalone target not found
Refreshing native plugins compatible for Editor in 93.33 ms, found 14 plugins.
Preloading 1 native plugins for Editor in 0.13 ms.
Mono: successfully reloaded assembly
- Completed reload, in  1.496 seconds
Platform modules already initialized, skipping
Registering precompiled user dll's ...
Registered in 0.014925 seconds.
